app/build/intermediates/manifest_merge_blame_file/debug/manifest-merger-blame-debug-report.txt
1<?xml version="1.0" encoding="utf-8"?>
2<manifest xmlns:android="http://schemas.android.com/apk/res/android"
3    package="com.recepies.foodrecipesq"
4    android:versionCode="1"
5    android:versionName="1.0" >
6
7    <uses-sdk
8        android:minSdkVersion="24"
8-->src/main/AndroidManifest.xml
9        android:targetSdkVersion="34" />
9-->src/main/AndroidManifest.xml
10
11    <uses-permission android:name="android.permission.ACCESS_NETWORK_STATE" />
11-->src/main/AndroidManifest.xml:5:5-79
11-->src/main/AndroidManifest.xml:5:22-76
12    <uses-permission android:name="android.permission.INTERNET" />
12-->src/main/AndroidManifest.xml:6:5-67
12-->src/main/AndroidManifest.xml:6:22-64
13    <uses-permission android:name="com.google.android.gms.permission.AD_ID" />
13-->src/main/AndroidManifest.xml:7:5-79
13-->src/main/AndroidManifest.xml:7:22-76
14
15    <queries>
15-->[com.appsflyer:af-android-sdk:6.11.0] AndroidManifest.xml:11:5-15:15
16        <intent>
16-->[com.appsflyer:af-android-sdk:6.11.0] AndroidManifest.xml:12:9-14:18
17            <action android:name="com.appsflyer.referrer.INSTALL_PROVIDER" />
17-->[com.appsflyer:af-android-sdk:6.11.0] AndroidManifest.xml:13:13-78
17-->[com.appsflyer:af-android-sdk:6.11.0] AndroidManifest.xml:13:21-75
18        </intent>
19    </queries> <!-- Create a unique permission for your app and use it so only your app can receive your OneSignal messages. -->
20    <permission
20-->[com.onesignal:OneSignal:4.8.6] AndroidManifest.xml:7:5-9:47
21        android:name="com.recepies.foodrecipesq.permission.C2D_MESSAGE"
21-->[com.onesignal:OneSignal:4.8.6] AndroidManifest.xml:8:9-63
22        android:protectionLevel="signature" />
22-->[com.onesignal:OneSignal:4.8.6] AndroidManifest.xml:9:9-44
23
24    <uses-permission android:name="com.recepies.foodrecipesq.permission.C2D_MESSAGE" /> <!-- OneSignal SDK has runtime checks Android version. -->
24-->[com.onesignal:OneSignal:4.8.6] AndroidManifest.xml:11:5-79
24-->[com.onesignal:OneSignal:4.8.6] AndroidManifest.xml:11:22-76
25    <!-- <uses-sdk tools:overrideLibrary="android.support.customtabs"/> -->
26    <!-- Required runtime permission to display notifications on Android 13 -->
27    <uses-permission android:name="android.permission.POST_NOTIFICATIONS" /> <!-- c2dm RECEIVE are basic requirements for push messages through Google's FCM -->
27-->[com.onesignal:OneSignal:4.8.6] AndroidManifest.xml:16:5-77
27-->[com.onesignal:OneSignal:4.8.6] AndroidManifest.xml:16:22-74
28    <uses-permission android:name="com.google.android.c2dm.permission.RECEIVE" /> <!-- Required, makes sure notifications are delivered on time. -->
28-->[com.onesignal:OneSignal:4.8.6] AndroidManifest.xml:18:5-82
28-->[com.onesignal:OneSignal:4.8.6] AndroidManifest.xml:18:22-79
29    <uses-permission android:name="android.permission.WAKE_LOCK" />
29-->[com.onesignal:OneSignal:4.8.6] AndroidManifest.xml:19:5-68
29-->[com.onesignal:OneSignal:4.8.6] AndroidManifest.xml:19:22-65
30    <!--
31 Required so the device vibrates on receiving a push notification.
32         Vibration settings of the device still apply.
33    -->
34    <uses-permission android:name="android.permission.VIBRATE" />
34-->[com.onesignal:OneSignal:4.8.6] AndroidManifest.xml:24:5-66
34-->[com.onesignal:OneSignal:4.8.6] AndroidManifest.xml:24:22-63
35    <!--
36 Use to restore notifications the user hasn't interacted with.
37         They could be missed notifications if the user reboots their device if this isn't in place.
38    -->
39    <uses-permission android:name="android.permission.RECEIVE_BOOT_COMPLETED" /> <!-- START: ShortcutBadger -->
39-->[com.onesignal:OneSignal:4.8.6] AndroidManifest.xml:30:5-81
39-->[com.onesignal:OneSignal:4.8.6] AndroidManifest.xml:30:22-78
40    <!-- Samsung -->
41    <uses-permission android:name="com.sec.android.provider.badge.permission.READ" />
41-->[com.onesignal:OneSignal:4.8.6] AndroidManifest.xml:32:5-86
41-->[com.onesignal:OneSignal:4.8.6] AndroidManifest.xml:32:22-83
42    <uses-permission android:name="com.sec.android.provider.badge.permission.WRITE" /> <!-- HTC -->
42-->[com.onesignal:OneSignal:4.8.6] AndroidManifest.xml:33:5-87
42-->[com.onesignal:OneSignal:4.8.6] AndroidManifest.xml:33:22-84
43    <uses-permission android:name="com.htc.launcher.permission.READ_SETTINGS" />
43-->[com.onesignal:OneSignal:4.8.6] AndroidManifest.xml:34:5-81
43-->[com.onesignal:OneSignal:4.8.6] AndroidManifest.xml:34:22-78
44    <uses-permission android:name="com.htc.launcher.permission.UPDATE_SHORTCUT" /> <!-- Sony -->
44-->[com.onesignal:OneSignal:4.8.6] AndroidManifest.xml:35:5-83
44-->[com.onesignal:OneSignal:4.8.6] AndroidManifest.xml:35:22-80
45    <uses-permission android:name="com.sonyericsson.home.permission.BROADCAST_BADGE" />
45-->[com.onesignal:OneSignal:4.8.6] AndroidManifest.xml:36:5-88
45-->[com.onesignal:OneSignal:4.8.6] AndroidManifest.xml:36:22-85
46    <uses-permission android:name="com.sonymobile.home.permission.PROVIDER_INSERT_BADGE" /> <!-- Apex -->
46-->[com.onesignal:OneSignal:4.8.6] AndroidManifest.xml:37:5-92
46-->[com.onesignal:OneSignal:4.8.6] AndroidManifest.xml:37:22-89
47    <uses-permission android:name="com.anddoes.launcher.permission.UPDATE_COUNT" /> <!-- Solid -->
47-->[com.onesignal:OneSignal:4.8.6] AndroidManifest.xml:38:5-84
47-->[com.onesignal:OneSignal:4.8.6] AndroidManifest.xml:38:22-81
48    <uses-permission android:name="com.majeur.launcher.permission.UPDATE_BADGE" /> <!-- Huawei -->
48-->[com.onesignal:OneSignal:4.8.6] AndroidManifest.xml:39:5-83
48-->[com.onesignal:OneSignal:4.8.6] AndroidManifest.xml:39:22-80
49    <uses-permission android:name="com.huawei.android.launcher.permission.CHANGE_BADGE" />
49-->[com.onesignal:OneSignal:4.8.6] AndroidManifest.xml:40:5-91
49-->[com.onesignal:OneSignal:4.8.6] AndroidManifest.xml:40:22-88
50    <uses-permission android:name="com.huawei.android.launcher.permission.READ_SETTINGS" />
50-->[com.onesignal:OneSignal:4.8.6] AndroidManifest.xml:41:5-92
50-->[com.onesignal:OneSignal:4.8.6] AndroidManifest.xml:41:22-89
51    <uses-permission android:name="com.huawei.android.launcher.permission.WRITE_SETTINGS" /> <!-- ZUK -->
51-->[com.onesignal:OneSignal:4.8.6] AndroidManifest.xml:42:5-93
51-->[com.onesignal:OneSignal:4.8.6] AndroidManifest.xml:42:22-90
52    <uses-permission android:name="android.permission.READ_APP_BADGE" /> <!-- OPPO -->
52-->[com.onesignal:OneSignal:4.8.6] AndroidManifest.xml:43:5-73
52-->[com.onesignal:OneSignal:4.8.6] AndroidManifest.xml:43:22-70
53    <uses-permission android:name="com.oppo.launcher.permission.READ_SETTINGS" />
53-->[com.onesignal:OneSignal:4.8.6] AndroidManifest.xml:44:5-82
53-->[com.onesignal:OneSignal:4.8.6] AndroidManifest.xml:44:22-79
54    <uses-permission android:name="com.oppo.launcher.permission.WRITE_SETTINGS" /> <!-- EvMe -->
54-->[com.onesignal:OneSignal:4.8.6] AndroidManifest.xml:45:5-83
54-->[com.onesignal:OneSignal:4.8.6] AndroidManifest.xml:45:22-80
55    <uses-permission android:name="me.everything.badger.permission.BADGE_COUNT_READ" />
55-->[com.onesignal:OneSignal:4.8.6] AndroidManifest.xml:46:5-88
55-->[com.onesignal:OneSignal:4.8.6] AndroidManifest.xml:46:22-85
56    <uses-permission android:name="me.everything.badger.permission.BADGE_COUNT_WRITE" />
56-->[com.onesignal:OneSignal:4.8.6] AndroidManifest.xml:47:5-89
56-->[com.onesignal:OneSignal:4.8.6] AndroidManifest.xml:47:22-86
57    <uses-permission android:name="android.permission.FOREGROUND_SERVICE" />
57-->[androidx.work:work-runtime:2.7.1] AndroidManifest.xml:28:5-77
57-->[androidx.work:work-runtime:2.7.1] AndroidManifest.xml:28:22-74
58
59    <permission
59-->[androidx.core:core:1.10.1] AndroidManifest.xml:22:5-24:47
60        android:name="com.recepies.foodrecipesq.DYNAMIC_RECEIVER_NOT_EXPORTED_PERMISSION"
60-->[androidx.core:core:1.10.1] AndroidManifest.xml:23:9-81
61        android:protectionLevel="signature" />
61-->[androidx.core:core:1.10.1] AndroidManifest.xml:24:9-44
62
63    <uses-permission android:name="com.recepies.foodrecipesq.DYNAMIC_RECEIVER_NOT_EXPORTED_PERMISSION" />
63-->[androidx.core:core:1.10.1] AndroidManifest.xml:26:5-97
63-->[androidx.core:core:1.10.1] AndroidManifest.xml:26:22-94
64    <uses-permission android:name="com.google.android.finsky.permission.BIND_GET_INSTALL_REFERRER_SERVICE" />
64-->[com.android.installreferrer:installreferrer:2.2] AndroidManifest.xml:9:5-110
64-->[com.android.installreferrer:installreferrer:2.2] AndroidManifest.xml:9:22-107
65
66    <application
66-->src/main/AndroidManifest.xml:9:5-38:19
67        android:name="com.recepies.foodrecipesq.RecipeApplication"
67-->src/main/AndroidManifest.xml:10:9-42
68        android:allowBackup="true"
68-->src/main/AndroidManifest.xml:11:9-35
69        android:appComponentFactory="androidx.core.app.CoreComponentFactory"
69-->[androidx.core:core:1.10.1] AndroidManifest.xml:28:18-86
70        android:dataExtractionRules="@xml/data_extraction_rules"
70-->src/main/AndroidManifest.xml:12:9-65
71        android:debuggable="true"
72        android:extractNativeLibs="false"
73        android:fullBackupContent="@xml/appsflyer_backup_rules"
73-->[com.appsflyer:af-android-sdk:6.11.0] AndroidManifest.xml:21:18-73
74        android:icon="@mipmap/ic_launcher"
74-->src/main/AndroidManifest.xml:13:9-43
75        android:label="@string/app_name"
75-->src/main/AndroidManifest.xml:14:9-41
76        android:supportsRtl="true"
76-->src/main/AndroidManifest.xml:15:9-35
77        android:testOnly="true"
78        android:theme="@style/Theme.FoodRecipes" >
78-->src/main/AndroidManifest.xml:16:9-49
79        <activity
79-->src/main/AndroidManifest.xml:18:9-27:20
80            android:name="com.recepies.foodrecipesq.presentation.activities.SplashActivity"
80-->src/main/AndroidManifest.xml:19:13-67
81            android:exported="true"
81-->src/main/AndroidManifest.xml:20:13-36
82            android:theme="@style/Theme.AppCompat.NoActionBar" >
82-->src/main/AndroidManifest.xml:21:13-63
83            <intent-filter>
83-->src/main/AndroidManifest.xml:22:9-26:25
84                <action android:name="android.intent.action.MAIN" />
84-->src/main/AndroidManifest.xml:23:13-65
84-->src/main/AndroidManifest.xml:23:21-62
85
86                <category android:name="android.intent.category.LAUNCHER" />
86-->src/main/AndroidManifest.xml:25:13-73
86-->src/main/AndroidManifest.xml:25:23-70
87            </intent-filter>
88        </activity>
89        <activity
89-->src/main/AndroidManifest.xml:28:9-31:66
90            android:name="com.recepies.foodrecipesq.presentation.activities.RecipeDetailActivity"
90-->src/main/AndroidManifest.xml:29:13-73
91            android:exported="false"
91-->src/main/AndroidManifest.xml:30:13-37
92            android:theme="@style/Theme.AppCompat.NoActionBar" />
92-->src/main/AndroidManifest.xml:31:13-63
93        <activity
93-->src/main/AndroidManifest.xml:32:9-37:20
94            android:name="com.recepies.foodrecipesq.presentation.activities.MainActivity"
94-->src/main/AndroidManifest.xml:33:13-65
95            android:exported="false"
95-->src/main/AndroidManifest.xml:34:13-37
96            android:theme="@style/Theme.AppCompat.DayNight.DarkActionBar" >
96-->src/main/AndroidManifest.xml:35:13-74
97        </activity>
98
99        <receiver
99-->[com.onesignal:OneSignal:4.8.6] AndroidManifest.xml:50:9-61:20
100            android:name="com.onesignal.FCMBroadcastReceiver"
100-->[com.onesignal:OneSignal:4.8.6] AndroidManifest.xml:51:13-62
101            android:exported="true"
101-->[com.onesignal:OneSignal:4.8.6] AndroidManifest.xml:52:13-36
102            android:permission="com.google.android.c2dm.permission.SEND" >
102-->[com.onesignal:OneSignal:4.8.6] AndroidManifest.xml:53:13-73
103
104            <!-- High priority so OneSignal payloads can be filtered from other FCM receivers -->
105            <intent-filter android:priority="999" >
105-->[com.onesignal:OneSignal:4.8.6] AndroidManifest.xml:56:13-60:29
105-->[com.onesignal:OneSignal:4.8.6] AndroidManifest.xml:56:28-50
106                <action android:name="com.google.android.c2dm.intent.RECEIVE" />
106-->[com.onesignal:OneSignal:4.8.6] AndroidManifest.xml:57:17-81
106-->[com.onesignal:OneSignal:4.8.6] AndroidManifest.xml:57:25-78
107
108                <category android:name="com.recepies.foodrecipesq" />
108-->[com.onesignal:OneSignal:4.8.6] AndroidManifest.xml:59:17-61
108-->[com.onesignal:OneSignal:4.8.6] AndroidManifest.xml:59:27-58
109            </intent-filter>
110        </receiver>
111
112        <service
112-->[com.onesignal:OneSignal:4.8.6] AndroidManifest.xml:63:9-69:19
113            android:name="com.onesignal.HmsMessageServiceOneSignal"
113-->[com.onesignal:OneSignal:4.8.6] AndroidManifest.xml:64:13-68
114            android:exported="false" >
114-->[com.onesignal:OneSignal:4.8.6] AndroidManifest.xml:65:13-37
115            <intent-filter>
115-->[com.onesignal:OneSignal:4.8.6] AndroidManifest.xml:66:13-68:29
116                <action android:name="com.huawei.push.action.MESSAGING_EVENT" />
116-->[com.onesignal:OneSignal:4.8.6] AndroidManifest.xml:67:17-81
116-->[com.onesignal:OneSignal:4.8.6] AndroidManifest.xml:67:25-78
117            </intent-filter>
118        </service>
119
120        <activity
120-->[com.onesignal:OneSignal:4.8.6] AndroidManifest.xml:71:9-79:20
121            android:name="com.onesignal.NotificationOpenedActivityHMS"
121-->[com.onesignal:OneSignal:4.8.6] AndroidManifest.xml:72:13-71
122            android:exported="true"
122-->[com.onesignal:OneSignal:4.8.6] AndroidManifest.xml:73:13-36
123            android:noHistory="true"
123-->[com.onesignal:OneSignal:4.8.6] AndroidManifest.xml:74:13-37
124            android:theme="@android:style/Theme.Translucent.NoTitleBar" >
124-->[com.onesignal:OneSignal:4.8.6] AndroidManifest.xml:75:13-72
125            <intent-filter>
125-->[com.onesignal:OneSignal:4.8.6] AndroidManifest.xml:76:13-78:29
126                <action android:name="android.intent.action.VIEW" />
126-->[com.onesignal:OneSignal:4.8.6] AndroidManifest.xml:77:17-69
126-->[com.onesignal:OneSignal:4.8.6] AndroidManifest.xml:77:25-66
127            </intent-filter>
128        </activity>
129
130        <service
130-->[com.onesignal:OneSignal:4.8.6] AndroidManifest.xml:81:9-83:40
131            android:name="com.onesignal.FCMIntentService"
131-->[com.onesignal:OneSignal:4.8.6] AndroidManifest.xml:82:13-58
132            android:exported="false" />
132-->[com.onesignal:OneSignal:4.8.6] AndroidManifest.xml:83:13-37
133        <service
133-->[com.onesignal:OneSignal:4.8.6] AndroidManifest.xml:84:9-87:72
134            android:name="com.onesignal.FCMIntentJobService"
134-->[com.onesignal:OneSignal:4.8.6] AndroidManifest.xml:85:13-61
135            android:exported="false"
135-->[com.onesignal:OneSignal:4.8.6] AndroidManifest.xml:86:13-37
136            android:permission="android.permission.BIND_JOB_SERVICE" />
136-->[com.onesignal:OneSignal:4.8.6] AndroidManifest.xml:87:13-69
137        <service
137-->[com.onesignal:OneSignal:4.8.6] AndroidManifest.xml:88:9-91:43
138            android:name="com.onesignal.SyncService"
138-->[com.onesignal:OneSignal:4.8.6] AndroidManifest.xml:89:13-53
139            android:exported="false"
139-->[com.onesignal:OneSignal:4.8.6] AndroidManifest.xml:90:13-37
140            android:stopWithTask="true" />
140-->[com.onesignal:OneSignal:4.8.6] AndroidManifest.xml:91:13-40
141        <service
141-->[com.onesignal:OneSignal:4.8.6] AndroidManifest.xml:92:9-95:72
142            android:name="com.onesignal.SyncJobService"
142-->[com.onesignal:OneSignal:4.8.6] AndroidManifest.xml:93:13-56
143            android:exported="false"
143-->[com.onesignal:OneSignal:4.8.6] AndroidManifest.xml:94:13-37
144            android:permission="android.permission.BIND_JOB_SERVICE" />
144-->[com.onesignal:OneSignal:4.8.6] AndroidManifest.xml:95:13-69
145
146        <activity
146-->[com.onesignal:OneSignal:4.8.6] AndroidManifest.xml:97:9-100:75
147            android:name="com.onesignal.PermissionsActivity"
147-->[com.onesignal:OneSignal:4.8.6] AndroidManifest.xml:98:13-61
148            android:exported="false"
148-->[com.onesignal:OneSignal:4.8.6] AndroidManifest.xml:99:13-37
149            android:theme="@android:style/Theme.Translucent.NoTitleBar" />
149-->[com.onesignal:OneSignal:4.8.6] AndroidManifest.xml:100:13-72
150
151        <receiver
151-->[com.onesignal:OneSignal:4.8.6] AndroidManifest.xml:102:9-104:39
152            android:name="com.onesignal.NotificationDismissReceiver"
152-->[com.onesignal:OneSignal:4.8.6] AndroidManifest.xml:103:13-69
153            android:exported="true" />
153-->[com.onesignal:OneSignal:4.8.6] AndroidManifest.xml:104:13-36
154        <receiver
154-->[com.onesignal:OneSignal:4.8.6] AndroidManifest.xml:105:9-112:20
155            android:name="com.onesignal.BootUpReceiver"
155-->[com.onesignal:OneSignal:4.8.6] AndroidManifest.xml:106:13-56
156            android:exported="true" >
156-->[com.onesignal:OneSignal:4.8.6] AndroidManifest.xml:107:13-36
157            <intent-filter>
157-->[com.onesignal:OneSignal:4.8.6] AndroidManifest.xml:108:13-111:29
158                <action android:name="android.intent.action.BOOT_COMPLETED" />
158-->[com.onesignal:OneSignal:4.8.6] AndroidManifest.xml:109:17-79
158-->[com.onesignal:OneSignal:4.8.6] AndroidManifest.xml:109:25-76
159                <action android:name="android.intent.action.QUICKBOOT_POWERON" />
159-->[com.onesignal:OneSignal:4.8.6] AndroidManifest.xml:110:17-82
159-->[com.onesignal:OneSignal:4.8.6] AndroidManifest.xml:110:25-79
160            </intent-filter>
161        </receiver>
162        <receiver
162-->[com.onesignal:OneSignal:4.8.6] AndroidManifest.xml:113:9-119:20
163            android:name="com.onesignal.UpgradeReceiver"
163-->[com.onesignal:OneSignal:4.8.6] AndroidManifest.xml:114:13-57
164            android:exported="true" >
164-->[com.onesignal:OneSignal:4.8.6] AndroidManifest.xml:115:13-36
165            <intent-filter>
165-->[com.onesignal:OneSignal:4.8.6] AndroidManifest.xml:116:13-118:29
166                <action android:name="android.intent.action.MY_PACKAGE_REPLACED" />
166-->[com.onesignal:OneSignal:4.8.6] AndroidManifest.xml:117:17-84
166-->[com.onesignal:OneSignal:4.8.6] AndroidManifest.xml:117:25-81
167            </intent-filter>
168        </receiver>
169
170        <activity
170-->[com.onesignal:OneSignal:4.8.6] AndroidManifest.xml:121:9-127:75
171            android:name="com.onesignal.NotificationOpenedReceiver"
171-->[com.onesignal:OneSignal:4.8.6] AndroidManifest.xml:122:13-68
172            android:excludeFromRecents="true"
172-->[com.onesignal:OneSignal:4.8.6] AndroidManifest.xml:123:13-46
173            android:exported="true"
173-->[com.onesignal:OneSignal:4.8.6] AndroidManifest.xml:124:13-36
174            android:noHistory="true"
174-->[com.onesignal:OneSignal:4.8.6] AndroidManifest.xml:125:13-37
175            android:taskAffinity=""
175-->[com.onesignal:OneSignal:4.8.6] AndroidManifest.xml:126:13-36
176            android:theme="@android:style/Theme.Translucent.NoTitleBar" />
176-->[com.onesignal:OneSignal:4.8.6] AndroidManifest.xml:127:13-72
177        <activity
177-->[com.onesignal:OneSignal:4.8.6] AndroidManifest.xml:128:9-133:75
178            android:name="com.onesignal.NotificationOpenedReceiverAndroid22AndOlder"
178-->[com.onesignal:OneSignal:4.8.6] AndroidManifest.xml:129:13-85
179            android:excludeFromRecents="true"
179-->[com.onesignal:OneSignal:4.8.6] AndroidManifest.xml:130:13-46
180            android:exported="true"
180-->[com.onesignal:OneSignal:4.8.6] AndroidManifest.xml:131:13-36
181            android:noHistory="true"
181-->[com.onesignal:OneSignal:4.8.6] AndroidManifest.xml:132:13-37
182            android:theme="@android:style/Theme.Translucent.NoTitleBar" />
182-->[com.onesignal:OneSignal:4.8.6] AndroidManifest.xml:133:13-72
183        <activity
183-->[com.google.android.gms:play-services-base:18.2.0] AndroidManifest.xml:20:9-22:45
184            android:name="com.google.android.gms.common.api.GoogleApiActivity"
184-->[com.google.android.gms:play-services-base:18.2.0] AndroidManifest.xml:20:19-85
185            android:exported="false"
185-->[com.google.android.gms:play-services-base:18.2.0] AndroidManifest.xml:22:19-43
186            android:theme="@android:style/Theme.Translucent.NoTitleBar" />
186-->[com.google.android.gms:play-services-base:18.2.0] AndroidManifest.xml:21:19-78
187
188        <receiver
188-->[com.google.firebase:firebase-messaging:23.0.0] AndroidManifest.xml:28:9-35:20
189            android:name="com.google.firebase.iid.FirebaseInstanceIdReceiver"
189-->[com.google.firebase:firebase-messaging:23.0.0] AndroidManifest.xml:29:13-78
190            android:exported="true"
190-->[com.google.firebase:firebase-messaging:23.0.0] AndroidManifest.xml:30:13-36
191            android:permission="com.google.android.c2dm.permission.SEND" >
191-->[com.google.firebase:firebase-messaging:23.0.0] AndroidManifest.xml:31:13-73
192            <intent-filter>
192-->[com.google.firebase:firebase-messaging:23.0.0] AndroidManifest.xml:32:13-34:29
193                <action android:name="com.google.android.c2dm.intent.RECEIVE" />
193-->[com.onesignal:OneSignal:4.8.6] AndroidManifest.xml:57:17-81
193-->[com.onesignal:OneSignal:4.8.6] AndroidManifest.xml:57:25-78
194            </intent-filter>
195        </receiver>
196        <!--
197             FirebaseMessagingService performs security checks at runtime,
198             but set to not exported to explicitly avoid allowing another app to call it.
199        -->
200        <service
200-->[com.google.firebase:firebase-messaging:23.0.0] AndroidManifest.xml:41:9-48:19
201            android:name="com.google.firebase.messaging.FirebaseMessagingService"
201-->[com.google.firebase:firebase-messaging:23.0.0] AndroidManifest.xml:42:13-82
202            android:directBootAware="true"
202-->[com.google.firebase:firebase-messaging:23.0.0] AndroidManifest.xml:43:13-43
203            android:exported="false" >
203-->[com.google.firebase:firebase-messaging:23.0.0] AndroidManifest.xml:44:13-37
204            <intent-filter android:priority="-500" >
204-->[com.google.firebase:firebase-messaging:23.0.0] AndroidManifest.xml:45:13-47:29
204-->[com.google.firebase:firebase-messaging:23.0.0] AndroidManifest.xml:45:28-51
205                <action android:name="com.google.firebase.MESSAGING_EVENT" />
205-->[com.google.firebase:firebase-messaging:23.0.0] AndroidManifest.xml:46:17-78
205-->[com.google.firebase:firebase-messaging:23.0.0] AndroidManifest.xml:46:25-75
206            </intent-filter>
207        </service>
208        <service
208-->[com.google.firebase:firebase-messaging:23.0.0] AndroidManifest.xml:49:9-55:19
209            android:name="com.google.firebase.components.ComponentDiscoveryService"
209-->[com.google.firebase:firebase-messaging:23.0.0] AndroidManifest.xml:50:13-84
210            android:directBootAware="true"
210-->[com.google.firebase:firebase-common:20.0.0] AndroidManifest.xml:35:13-43
211            android:exported="false" >
211-->[com.google.firebase:firebase-messaging:23.0.0] AndroidManifest.xml:51:13-37
212            <meta-data
212-->[com.google.firebase:firebase-messaging:23.0.0] AndroidManifest.xml:52:13-54:85
213                android:name="com.google.firebase.components:com.google.firebase.messaging.FirebaseMessagingRegistrar"
213-->[com.google.firebase:firebase-messaging:23.0.0] AndroidManifest.xml:53:17-119
214                android:value="com.google.firebase.components.ComponentRegistrar" />
214-->[com.google.firebase:firebase-messaging:23.0.0] AndroidManifest.xml:54:17-82
215            <meta-data
215-->[com.google.firebase:firebase-datatransport:18.0.0] AndroidManifest.xml:28:13-30:85
216                android:name="com.google.firebase.components:com.google.firebase.datatransport.TransportRegistrar"
216-->[com.google.firebase:firebase-datatransport:18.0.0] AndroidManifest.xml:29:17-115
217                android:value="com.google.firebase.components.ComponentRegistrar" />
217-->[com.google.firebase:firebase-datatransport:18.0.0] AndroidManifest.xml:30:17-82
218            <meta-data
218-->[com.google.firebase:firebase-installations:17.0.0] AndroidManifest.xml:18:13-20:85
219                android:name="com.google.firebase.components:com.google.firebase.installations.FirebaseInstallationsRegistrar"
219-->[com.google.firebase:firebase-installations:17.0.0] AndroidManifest.xml:19:17-127
220                android:value="com.google.firebase.components.ComponentRegistrar" />
220-->[com.google.firebase:firebase-installations:17.0.0] AndroidManifest.xml:20:17-82
221        </service>
222
223        <provider
223-->[com.google.firebase:firebase-common:20.0.0] AndroidManifest.xml:26:9-31:39
224            android:name="com.google.firebase.provider.FirebaseInitProvider"
224-->[com.google.firebase:firebase-common:20.0.0] AndroidManifest.xml:27:13-77
225            android:authorities="com.recepies.foodrecipesq.firebaseinitprovider"
225-->[com.google.firebase:firebase-common:20.0.0] AndroidManifest.xml:28:13-72
226            android:directBootAware="true"
226-->[com.google.firebase:firebase-common:20.0.0] AndroidManifest.xml:29:13-43
227            android:exported="false"
227-->[com.google.firebase:firebase-common:20.0.0] AndroidManifest.xml:30:13-37
228            android:initOrder="100" />
228-->[com.google.firebase:firebase-common:20.0.0] AndroidManifest.xml:31:13-36
229
230        <meta-data
230-->[com.google.android.gms:play-services-basement:18.2.0] AndroidManifest.xml:21:9-23:69
231            android:name="com.google.android.gms.version"
231-->[com.google.android.gms:play-services-basement:18.2.0] AndroidManifest.xml:22:13-58
232            android:value="@integer/google_play_services_version" />
232-->[com.google.android.gms:play-services-basement:18.2.0] AndroidManifest.xml:23:13-66
233
234        <provider
234-->[androidx.emoji2:emoji2:1.2.0] AndroidManifest.xml:24:9-32:20
235            android:name="androidx.startup.InitializationProvider"
235-->[androidx.emoji2:emoji2:1.2.0] AndroidManifest.xml:25:13-67
236            android:authorities="com.recepies.foodrecipesq.androidx-startup"
236-->[androidx.emoji2:emoji2:1.2.0] AndroidManifest.xml:26:13-68
237            android:exported="false" >
237-->[androidx.emoji2:emoji2:1.2.0] AndroidManifest.xml:27:13-37
238            <meta-data
238-->[androidx.emoji2:emoji2:1.2.0] AndroidManifest.xml:29:13-31:52
239                android:name="androidx.emoji2.text.EmojiCompatInitializer"
239-->[androidx.emoji2:emoji2:1.2.0] AndroidManifest.xml:30:17-75
240                android:value="androidx.startup" />
240-->[androidx.emoji2:emoji2:1.2.0] AndroidManifest.xml:31:17-49
241            <meta-data
241-->[androidx.work:work-runtime:2.7.1] AndroidManifest.xml:36:13-38:52
242                android:name="androidx.work.WorkManagerInitializer"
242-->[androidx.work:work-runtime:2.7.1] AndroidManifest.xml:37:17-68
243                android:value="androidx.startup" />
243-->[androidx.work:work-runtime:2.7.1] AndroidManifest.xml:38:17-49
244            <meta-data
244-->[androidx.lifecycle:lifecycle-process:2.6.1] AndroidManifest.xml:29:13-31:52
245                android:name="androidx.lifecycle.ProcessLifecycleInitializer"
245-->[androidx.lifecycle:lifecycle-process:2.6.1] AndroidManifest.xml:30:17-78
246                android:value="androidx.startup" />
246-->[androidx.lifecycle:lifecycle-process:2.6.1] AndroidManifest.xml:31:17-49
247            <meta-data
247-->[androidx.profileinstaller:profileinstaller:1.3.0] AndroidManifest.xml:29:13-31:52
248                android:name="androidx.profileinstaller.ProfileInstallerInitializer"
248-->[androidx.profileinstaller:profileinstaller:1.3.0] AndroidManifest.xml:30:17-85
249                android:value="androidx.startup" />
249-->[androidx.profileinstaller:profileinstaller:1.3.0] AndroidManifest.xml:31:17-49
250        </provider>
251
252        <service
252-->[androidx.work:work-runtime:2.7.1] AndroidManifest.xml:41:9-46:35
253            android:name="androidx.work.impl.background.systemalarm.SystemAlarmService"
253-->[androidx.work:work-runtime:2.7.1] AndroidManifest.xml:42:13-88
254            android:directBootAware="false"
254-->[androidx.work:work-runtime:2.7.1] AndroidManifest.xml:43:13-44
255            android:enabled="@bool/enable_system_alarm_service_default"
255-->[androidx.work:work-runtime:2.7.1] AndroidManifest.xml:44:13-72
256            android:exported="false" />
256-->[androidx.work:work-runtime:2.7.1] AndroidManifest.xml:45:13-37
257        <service
257-->[androidx.work:work-runtime:2.7.1] AndroidManifest.xml:47:9-53:35
258            android:name="androidx.work.impl.background.systemjob.SystemJobService"
258-->[androidx.work:work-runtime:2.7.1] AndroidManifest.xml:48:13-84
259            android:directBootAware="false"
259-->[androidx.work:work-runtime:2.7.1] AndroidManifest.xml:49:13-44
260            android:enabled="@bool/enable_system_job_service_default"
260-->[androidx.work:work-runtime:2.7.1] AndroidManifest.xml:50:13-70
261            android:exported="true"
261-->[androidx.work:work-runtime:2.7.1] AndroidManifest.xml:51:13-36
262            android:permission="android.permission.BIND_JOB_SERVICE" />
262-->[androidx.work:work-runtime:2.7.1] AndroidManifest.xml:52:13-69
263        <service
263-->[androidx.work:work-runtime:2.7.1] AndroidManifest.xml:54:9-59:35
264            android:name="androidx.work.impl.foreground.SystemForegroundService"
264-->[androidx.work:work-runtime:2.7.1] AndroidManifest.xml:55:13-81
265            android:directBootAware="false"
265-->[androidx.work:work-runtime:2.7.1] AndroidManifest.xml:56:13-44
266            android:enabled="@bool/enable_system_foreground_service_default"
266-->[androidx.work:work-runtime:2.7.1] AndroidManifest.xml:57:13-77
267            android:exported="false" />
267-->[androidx.work:work-runtime:2.7.1] AndroidManifest.xml:58:13-37